[2024-11-22 19:01:39] production.ERROR: No application encryption key has been specified. {"exception":"[object] (Illuminate\\Encryption\\MissingAppKeyException(code: 0): No application encryption key has been specified. at /Users/aymanehassini/Desktop/FireX_/fireX/vendor/laravel/framework/src/Illuminate/Encryption/EncryptionServiceProvider.php:79)
[stacktrace]
#0 /Users/aymanehassini/Desktop/FireX_/fireX/vendor/laravel/framework/src/Illuminate/Support/helpers.php(306): Illuminate\\Encryption\\EncryptionServiceProvider->Illuminate\\Encryption\\{closure}(NULL)
#1 /Users/aymanehassini/Desktop/FireX_/fireX/vendor/laravel/framework/src/Illuminate/Encryption/EncryptionServiceProvider.php(77): tap(NULL, Object(Closure))
#2 /Users/aymanehassini/Desktop/FireX_/fireX/vendor/laravel/framework/src/Illuminate/Encryption/EncryptionServiceProvider.php(60): Illuminate\\Encryption\\EncryptionServiceProvider->key(Array)
#3 /Users/aymanehassini/Desktop/FireX_/fireX/vendor/laravel/framework/src/Illuminate/Encryption/EncryptionServiceProvider.php(32): Illuminate\\Encryption\\EncryptionServiceProvider->parseKey(Array)
#4 /Users/aymanehassini/Desktop/FireX_/fireX/vendor/laravel/framework/src/Illuminate/Container/Container.php(885): Illuminate\\Encryption\\EncryptionServiceProvider->Illuminate\\Encryption\\{closure}(Object(Illuminate\\Foundation\\Application), Array)
#5 /Users/aymanehassini/Desktop/FireX_/fireX/vendor/laravel/framework/src/Illuminate/Container/Container.php(770): Illuminate\\Container\\Container->build(Object(Closure))
#6 /Users/aymanehassini/Desktop/FireX_/fireX/vendor/laravel/framework/src/Illuminate/Foundation/Application.php(858): Illuminate\\Container\\Container->resolve('encrypter', Array, true)
#7 /Users/aymanehassini/Desktop/FireX_/fireX/vendor/laravel/framework/src/Illuminate/Container/Container.php(706): Illuminate\\Foundation\\Application->resolve('encrypter', Array)
#8 /Users/aymanehassini/Desktop/FireX_/fireX/vendor/laravel/framework/src/Illuminate/Foundation/Application.php(843): Illuminate\\Container\\Container->make('encrypter', Array)
#9 /Users/aymanehassini/Desktop/FireX_/fireX/vendor/laravel/framework/src/Illuminate/Container/Container.php(1043): Illuminate\\Foundation\\Application->make('encrypter')
#10 /Users/aymanehassini/Desktop/FireX_/fireX/vendor/laravel/framework/src/Illuminate/Container/Container.php(959): Illuminate\\Container\\Container->resolveClass(Object(ReflectionParameter))
#11 /Users/aymanehassini/Desktop/FireX_/fireX/vendor/laravel/framework/src/Illuminate/Container/Container.php(920): Illuminate\\Container\\Container->resolveDependencies(Array)
#12 /Users/aymanehassini/Desktop/FireX_/fireX/vendor/laravel/framework/src/Illuminate/Container/Container.php(770): Illuminate\\Container\\Container->build('App\\\\Http\\\\Middle...')
#13 /Users/aymanehassini/Desktop/FireX_/fireX/vendor/laravel/framework/src/Illuminate/Foundation/Application.php(858): Illuminate\\Container\\Container->resolve('App\\\\Http\\\\Middle...', Array, true)
#14 /Users/aymanehassini/Desktop/FireX_/fireX/vendor/laravel/framework/src/Illuminate/Container/Container.php(706): Illuminate\\Foundation\\Application->resolve('App\\\\Http\\\\Middle...', Array)
#15 /Users/aymanehassini/Desktop/FireX_/fireX/vendor/laravel/framework/src/Illuminate/Foundation/Application.php(843): Illuminate\\Container\\Container->make('App\\\\Http\\\\Middle...', Array)
#16 /Users/aymanehassini/Desktop/FireX_/fireX/vendor/laravel/framework/src/Illuminate/Pipeline/Pipeline.php(169): Illuminate\\Foundation\\Application->make('App\\\\Http\\\\Middle...')
#17 /Users/aymanehassini/Desktop/FireX_/fireX/vendor/laravel/framework/src/Illuminate/Pipeline/Pipeline.php(116): Illuminate\\Pipeline\\Pipeline->Illuminate\\Pipeline\\{closure}(Object(Illuminate\\Http\\Request))
#18 /Users/aymanehassini/Desktop/FireX_/fireX/vendor/laravel/framework/src/Illuminate/Routing/Router.php(797): Illuminate\\Pipeline\\Pipeline->then(Object(Closure))
#19 /Users/aymanehassini/Desktop/FireX_/fireX/vendor/laravel/framework/src/Illuminate/Routing/Router.php(776): Illuminate\\Routing\\Router->runRouteWithinStack(Object(Illuminate\\Routing\\Route), Object(Illuminate\\Http\\Request))
#20 /Users/aymanehassini/Desktop/FireX_/fireX/vendor/laravel/framework/src/Illuminate/Routing/Router.php(740): Illuminate\\Routing\\Router->runRoute(Object(Illuminate\\Http\\Request), Object(Illuminate\\Routing\\Route))
#21 /Users/aymanehassini/Desktop/FireX_/fireX/vendor/laravel/framework/src/Illuminate/Routing/Router.php(729): Illuminate\\Routing\\Router->dispatchToRoute(Object(Illuminate\\Http\\Request))
#22 /Users/aymanehassini/Desktop/FireX_/fireX/vendor/laravel/framework/src/Illuminate/Foundation/Http/Kernel.php(190): Illuminate\\Routing\\Router->dispatch(Object(Illuminate\\Http\\Request))
#23 /Users/aymanehassini/Desktop/FireX_/fireX/vendor/laravel/framework/src/Illuminate/Pipeline/Pipeline.php(141): Illuminate\\Foundation\\Http\\Kernel->Illuminate\\Foundation\\Http\\{closure}(Object(Illuminate\\Http\\Request))
#24 /Users/aymanehassini/Desktop/FireX_/fireX/vendor/laravel/framework/src/Illuminate/Foundation/Http/Middleware/TransformsRequest.php(21): Illuminate\\Pipeline\\Pipeline->Illuminate\\Pipeline\\{closure}(Object(Illuminate\\Http\\Request))
#25 /Users/aymanehassini/Desktop/FireX_/fireX/vendor/laravel/framework/src/Illuminate/Foundation/Http/Middleware/ConvertEmptyStringsToNull.php(31): Illuminate\\Foundation\\Http\\Middleware\\TransformsRequest->handle(Object(Illuminate\\Http\\Request), Object(Closure))
#26 /Users/aymanehassini/Desktop/FireX_/fireX/vendor/laravel/framework/src/Illuminate/Pipeline/Pipeline.php(180): Illuminate\\Foundation\\Http\\Middleware\\ConvertEmptyStringsToNull->handle(Object(Illuminate\\Http\\Request), Object(Closure))
#27 /Users/aymanehassini/Desktop/FireX_/fireX/vendor/laravel/framework/src/Illuminate/Foundation/Http/Middleware/TransformsRequest.php(21): Illuminate\\Pipeline\\Pipeline->Illuminate\\Pipeline\\{closure}(Object(Illuminate\\Http\\Request))
#28 /Users/aymanehassini/Desktop/FireX_/fireX/vendor/laravel/framework/src/Illuminate/Foundation/Http/Middleware/TrimStrings.php(40): Illuminate\\Foundation\\Http\\Middleware\\TransformsRequest->handle(Object(Illuminate\\Http\\Request), Object(Closure))
#29 /Users/aymanehassini/Desktop/FireX_/fireX/vendor/laravel/framework/src/Illuminate/Pipeline/Pipeline.php(180): Illuminate\\Foundation\\Http\\Middleware\\TrimStrings->handle(Object(Illuminate\\Http\\Request), Object(Closure))
#30 /Users/aymanehassini/Desktop/FireX_/fireX/vendor/laravel/framework/src/Illuminate/Foundation/Http/Middleware/ValidatePostSize.php(27): Illuminate\\Pipeline\\Pipeline->Illuminate\\Pipeline\\{closure}(Object(Illuminate\\Http\\Request))
#31 /Users/aymanehassini/Desktop/FireX_/fireX/vendor/laravel/framework/src/Illuminate/Pipeline/Pipeline.php(180): Illuminate\\Foundation\\Http\\Middleware\\ValidatePostSize->handle(Object(Illuminate\\Http\\Request), Object(Closure))
#32 /Users/aymanehassini/Desktop/FireX_/fireX/vendor/laravel/framework/src/Illuminate/Foundation/Http/Middleware/PreventRequestsDuringMaintenance.php(86): Illuminate\\Pipeline\\Pipeline->Illuminate\\Pipeline\\{closure}(Object(Illuminate\\Http\\Request))
#33 /Users/aymanehassini/Desktop/FireX_/fireX/vendor/laravel/framework/src/Illuminate/Pipeline/Pipeline.php(180): Illuminate\\Foundation\\Http\\Middleware\\PreventRequestsDuringMaintenance->handle(Object(Illuminate\\Http\\Request), Object(Closure))
#34 /Users/aymanehassini/Desktop/FireX_/fireX/vendor/laravel/framework/src/Illuminate/Http/Middleware/HandleCors.php(49): Illuminate\\Pipeline\\Pipeline->Illuminate\\Pipeline\\{closure}(Object(Illuminate\\Http\\Request))
#35 /Users/aymanehassini/Desktop/FireX_/fireX/vendor/laravel/framework/src/Illuminate/Pipeline/Pipeline.php(180): Illuminate\\Http\\Middleware\\HandleCors->handle(Object(Illuminate\\Http\\Request), Object(Closure))
#36 /Users/aymanehassini/Desktop/FireX_/fireX/vendor/laravel/framework/src/Illuminate/Http/Middleware/TrustProxies.php(39): Illuminate\\Pipeline\\Pipeline->Illuminate\\Pipeline\\{closure}(Object(Illuminate\\Http\\Request))
#37 /Users/aymanehassini/Desktop/FireX_/fireX/vendor/laravel/framework/src/Illuminate/Pipeline/Pipeline.php(180): Illuminate\\Http\\Middleware\\TrustProxies->handle(Object(Illuminate\\Http\\Request), Object(Closure))
#38 /Users/aymanehassini/Desktop/FireX_/fireX/vendor/laravel/framework/src/Illuminate/Pipeline/Pipeline.php(116): Illuminate\\Pipeline\\Pipeline->Illuminate\\Pipeline\\{closure}(Object(Illuminate\\Http\\Request))
#39 /Users/aymanehassini/Desktop/FireX_/fireX/vendor/laravel/framework/src/Illuminate/Foundation/Http/Kernel.php(165): Illuminate\\Pipeline\\Pipeline->then(Object(Closure))
#40 /Users/aymanehassini/Desktop/FireX_/fireX/vendor/laravel/framework/src/Illuminate/Foundation/Http/Kernel.php(134): Illuminate\\Foundation\\Http\\Kernel->sendRequestThroughRouter(Object(Illuminate\\Http\\Request))
#41 /Users/aymanehassini/Desktop/FireX_/fireX/public/index.php(51): Illuminate\\Foundation\\Http\\Kernel->handle(Object(Illuminate\\Http\\Request))
#42 /Users/aymanehassini/Desktop/FireX_/fireX/vendor/laravel/framework/src/Illuminate/Foundation/resources/server.php(16): require_once('/Users/aymaneha...')
#43 {main}
"} 
[2024-11-22 19:01:39] production.ERROR: No application encryption key has been specified. {"exception":"[object] (Illuminate\\Encryption\\MissingAppKeyException(code: 0): No application encryption key has been specified. at /Users/aymanehassini/Desktop/FireX_/fireX/vendor/laravel/framework/src/Illuminate/Encryption/EncryptionServiceProvider.php:79)
[stacktrace]
#0 /Users/aymanehassini/Desktop/FireX_/fireX/vendor/laravel/framework/src/Illuminate/Support/helpers.php(306): Illuminate\\Encryption\\EncryptionServiceProvider->Illuminate\\Encryption\\{closure}(NULL)
#1 /Users/aymanehassini/Desktop/FireX_/fireX/vendor/laravel/framework/src/Illuminate/Encryption/EncryptionServiceProvider.php(77): tap(NULL, Object(Closure))
#2 /Users/aymanehassini/Desktop/FireX_/fireX/vendor/laravel/framework/src/Illuminate/Encryption/EncryptionServiceProvider.php(60): Illuminate\\Encryption\\EncryptionServiceProvider->key(Array)
#3 /Users/aymanehassini/Desktop/FireX_/fireX/vendor/laravel/framework/src/Illuminate/Encryption/EncryptionServiceProvider.php(32): Illuminate\\Encryption\\EncryptionServiceProvider->parseKey(Array)
#4 /Users/aymanehassini/Desktop/FireX_/fireX/vendor/laravel/framework/src/Illuminate/Container/Container.php(885): Illuminate\\Encryption\\EncryptionServiceProvider->Illuminate\\Encryption\\{closure}(Object(Illuminate\\Foundation\\Application), Array)
#5 /Users/aymanehassini/Desktop/FireX_/fireX/vendor/laravel/framework/src/Illuminate/Container/Container.php(770): Illuminate\\Container\\Container->build(Object(Closure))
#6 /Users/aymanehassini/Desktop/FireX_/fireX/vendor/laravel/framework/src/Illuminate/Foundation/Application.php(858): Illuminate\\Container\\Container->resolve('encrypter', Array, true)
#7 /Users/aymanehassini/Desktop/FireX_/fireX/vendor/laravel/framework/src/Illuminate/Container/Container.php(706): Illuminate\\Foundation\\Application->resolve('encrypter', Array)
#8 /Users/aymanehassini/Desktop/FireX_/fireX/vendor/laravel/framework/src/Illuminate/Foundation/Application.php(843): Illuminate\\Container\\Container->make('encrypter', Array)
#9 /Users/aymanehassini/Desktop/FireX_/fireX/vendor/laravel/framework/src/Illuminate/Container/Container.php(1043): Illuminate\\Foundation\\Application->make('encrypter')
#10 /Users/aymanehassini/Desktop/FireX_/fireX/vendor/laravel/framework/src/Illuminate/Container/Container.php(959): Illuminate\\Container\\Container->resolveClass(Object(ReflectionParameter))
#11 /Users/aymanehassini/Desktop/FireX_/fireX/vendor/laravel/framework/src/Illuminate/Container/Container.php(920): Illuminate\\Container\\Container->resolveDependencies(Array)
#12 /Users/aymanehassini/Desktop/FireX_/fireX/vendor/laravel/framework/src/Illuminate/Container/Container.php(770): Illuminate\\Container\\Container->build('App\\\\Http\\\\Middle...')
#13 /Users/aymanehassini/Desktop/FireX_/fireX/vendor/laravel/framework/src/Illuminate/Foundation/Application.php(858): Illuminate\\Container\\Container->resolve('App\\\\Http\\\\Middle...', Array, true)
#14 /Users/aymanehassini/Desktop/FireX_/fireX/vendor/laravel/framework/src/Illuminate/Container/Container.php(706): Illuminate\\Foundation\\Application->resolve('App\\\\Http\\\\Middle...', Array)
#15 /Users/aymanehassini/Desktop/FireX_/fireX/vendor/laravel/framework/src/Illuminate/Foundation/Application.php(843): Illuminate\\Container\\Container->make('App\\\\Http\\\\Middle...', Array)
#16 /Users/aymanehassini/Desktop/FireX_/fireX/vendor/laravel/framework/src/Illuminate/Foundation/Http/Kernel.php(239): Illuminate\\Foundation\\Application->make('App\\\\Http\\\\Middle...')
#17 /Users/aymanehassini/Desktop/FireX_/fireX/vendor/laravel/framework/src/Illuminate/Foundation/Http/Kernel.php(203): Illuminate\\Foundation\\Http\\Kernel->terminateMiddleware(Object(Illuminate\\Http\\Request), Object(Illuminate\\Http\\Response))
#18 /Users/aymanehassini/Desktop/FireX_/fireX/public/index.php(55): Illuminate\\Foundation\\Http\\Kernel->terminate(Object(Illuminate\\Http\\Request), Object(Illuminate\\Http\\Response))
#19 /Users/aymanehassini/Desktop/FireX_/fireX/vendor/laravel/framework/src/Illuminate/Foundation/resources/server.php(16): require_once('/Users/aymaneha...')
#20 {main}
"} 
[2024-11-22 19:03:02] production.ERROR: file_get_contents(/Users/aymanehassini/Desktop/FireX_/fireX/.env): Failed to open stream: No such file or directory {"exception":"[object] (ErrorException(code: 0): file_get_contents(/Users/aymanehassini/Desktop/FireX_/fireX/.env): Failed to open stream: No such file or directory at /Users/aymanehassini/Desktop/FireX_/fireX/vendor/laravel/framework/src/Illuminate/Foundation/Console/KeyGenerateCommand.php:111)
[stacktrace]
#0 /Users/aymanehassini/Desktop/FireX_/fireX/vendor/laravel/framework/src/Illuminate/Foundation/Bootstrap/HandleExceptions.php(270): Illuminate\\Foundation\\Bootstrap\\HandleExceptions->handleError(2, 'file_get_conten...', '/Users/aymaneha...', 111)
#1 [internal function]: Illuminate\\Foundation\\Bootstrap\\HandleExceptions->Illuminate\\Foundation\\Bootstrap\\{closure}(2, 'file_get_conten...', '/Users/aymaneha...', 111)
#2 /Users/aymanehassini/Desktop/FireX_/fireX/vendor/laravel/framework/src/Illuminate/Foundation/Console/KeyGenerateCommand.php(111): file_get_contents('/Users/aymaneha...')
#3 /Users/aymanehassini/Desktop/FireX_/fireX/vendor/laravel/framework/src/Illuminate/Foundation/Console/KeyGenerateCommand.php(93): Illuminate\\Foundation\\Console\\KeyGenerateCommand->writeNewEnvironmentFileWith('base64:iL07dcin...')
#4 /Users/aymanehassini/Desktop/FireX_/fireX/vendor/laravel/framework/src/Illuminate/Foundation/Console/KeyGenerateCommand.php(58): Illuminate\\Foundation\\Console\\KeyGenerateCommand->setKeyInEnvironmentFile('base64:iL07dcin...')
#5 /Users/aymanehassini/Desktop/FireX_/fireX/vendor/laravel/framework/src/Illuminate/Container/BoundMethod.php(36): Illuminate\\Foundation\\Console\\KeyGenerateCommand->handle()
#6 /Users/aymanehassini/Desktop/FireX_/fireX/vendor/laravel/framework/src/Illuminate/Container/Util.php(41): Illuminate\\Container\\BoundMethod::Illuminate\\Container\\{closure}()
#7 /Users/aymanehassini/Desktop/FireX_/fireX/vendor/laravel/framework/src/Illuminate/Container/BoundMethod.php(93): Illuminate\\Container\\Util::unwrapIfClosure(Object(Closure))
#8 /Users/aymanehassini/Desktop/FireX_/fireX/vendor/laravel/framework/src/Illuminate/Container/BoundMethod.php(35): Illuminate\\Container\\BoundMethod::callBoundMethod(Object(Illuminate\\Foundation\\Application), Array, Object(Closure))
#9 /Users/aymanehassini/Desktop/FireX_/fireX/vendor/laravel/framework/src/Illuminate/Container/Container.php(661): Illuminate\\Container\\BoundMethod::call(Object(Illuminate\\Foundation\\Application), Array, Array, NULL)
#10 /Users/aymanehassini/Desktop/FireX_/fireX/vendor/laravel/framework/src/Illuminate/Console/Command.php(183): Illuminate\\Container\\Container->call(Array)
#11 /Users/aymanehassini/Desktop/FireX_/fireX/vendor/symfony/console/Command/Command.php(326): Illuminate\\Console\\Command->execute(Object(Symfony\\Component\\Console\\Input\\ArgvInput), Object(Illuminate\\Console\\OutputStyle))
#12 /Users/aymanehassini/Desktop/FireX_/fireX/vendor/laravel/framework/src/Illuminate/Console/Command.php(152): Symfony\\Component\\Console\\Command\\Command->run(Object(Symfony\\Component\\Console\\Input\\ArgvInput), Object(Illuminate\\Console\\OutputStyle))
#13 /Users/aymanehassini/Desktop/FireX_/fireX/vendor/symfony/console/Application.php(1078): Illuminate\\Console\\Command->run(Object(Symfony\\Component\\Console\\Input\\ArgvInput), Object(Symfony\\Component\\Console\\Output\\ConsoleOutput))
#14 /Users/aymanehassini/Desktop/FireX_/fireX/vendor/symfony/console/Application.php(324): Symfony\\Component\\Console\\Application->doRunCommand(Object(Illuminate\\Foundation\\Console\\KeyGenerateCommand), Object(Symfony\\Component\\Console\\Input\\ArgvInput), Object(Symfony\\Component\\Console\\Output\\ConsoleOutput))
#15 /Users/aymanehassini/Desktop/FireX_/fireX/vendor/symfony/console/Application.php(175): Symfony\\Component\\Console\\Application->doRun(Object(Symfony\\Component\\Console\\Input\\ArgvInput), Object(Symfony\\Component\\Console\\Output\\ConsoleOutput))
#16 /Users/aymanehassini/Desktop/FireX_/fireX/vendor/laravel/framework/src/Illuminate/Console/Application.php(102): Symfony\\Component\\Console\\Application->run(Object(Symfony\\Component\\Console\\Input\\ArgvInput), Object(Symfony\\Component\\Console\\Output\\ConsoleOutput))
#17 /Users/aymanehassini/Desktop/FireX_/fireX/vendor/laravel/framework/src/Illuminate/Foundation/Console/Kernel.php(155): Illuminate\\Console\\Application->run(Object(Symfony\\Component\\Console\\Input\\ArgvInput), Object(Symfony\\Component\\Console\\Output\\ConsoleOutput))
#18 /Users/aymanehassini/Desktop/FireX_/fireX/artisan(35): Illuminate\\Foundation\\Console\\Kernel->handle(Object(Symfony\\Component\\Console\\Input\\ArgvInput), Object(Symfony\\Component\\Console\\Output\\ConsoleOutput))
#19 {main}
"} 
[2024-11-22 19:03:29] production.ERROR: No application encryption key has been specified. {"exception":"[object] (Illuminate\\Encryption\\MissingAppKeyException(code: 0): No application encryption key has been specified. at /Users/aymanehassini/Desktop/FireX_/fireX/vendor/laravel/framework/src/Illuminate/Encryption/EncryptionServiceProvider.php:79)
[stacktrace]
#0 /Users/aymanehassini/Desktop/FireX_/fireX/vendor/laravel/framework/src/Illuminate/Support/helpers.php(306): Illuminate\\Encryption\\EncryptionServiceProvider->Illuminate\\Encryption\\{closure}(NULL)
#1 /Users/aymanehassini/Desktop/FireX_/fireX/vendor/laravel/framework/src/Illuminate/Encryption/EncryptionServiceProvider.php(77): tap(NULL, Object(Closure))
#2 /Users/aymanehassini/Desktop/FireX_/fireX/vendor/laravel/framework/src/Illuminate/Encryption/EncryptionServiceProvider.php(60): Illuminate\\Encryption\\EncryptionServiceProvider->key(Array)
#3 /Users/aymanehassini/Desktop/FireX_/fireX/vendor/laravel/framework/src/Illuminate/Encryption/EncryptionServiceProvider.php(32): Illuminate\\Encryption\\EncryptionServiceProvider->parseKey(Array)
#4 /Users/aymanehassini/Desktop/FireX_/fireX/vendor/laravel/framework/src/Illuminate/Container/Container.php(885): Illuminate\\Encryption\\EncryptionServiceProvider->Illuminate\\Encryption\\{closure}(Object(Illuminate\\Foundation\\Application), Array)
#5 /Users/aymanehassini/Desktop/FireX_/fireX/vendor/laravel/framework/src/Illuminate/Container/Container.php(770): Illuminate\\Container\\Container->build(Object(Closure))
#6 /Users/aymanehassini/Desktop/FireX_/fireX/vendor/laravel/framework/src/Illuminate/Foundation/Application.php(858): Illuminate\\Container\\Container->resolve('encrypter', Array, true)
#7 /Users/aymanehassini/Desktop/FireX_/fireX/vendor/laravel/framework/src/Illuminate/Container/Container.php(706): Illuminate\\Foundation\\Application->resolve('encrypter', Array)
#8 /Users/aymanehassini/Desktop/FireX_/fireX/vendor/laravel/framework/src/Illuminate/Foundation/Application.php(843): Illuminate\\Container\\Container->make('encrypter', Array)
#9 /Users/aymanehassini/Desktop/FireX_/fireX/vendor/laravel/framework/src/Illuminate/Container/Container.php(1043): Illuminate\\Foundation\\Application->make('encrypter')
#10 /Users/aymanehassini/Desktop/FireX_/fireX/vendor/laravel/framework/src/Illuminate/Container/Container.php(959): Illuminate\\Container\\Container->resolveClass(Object(ReflectionParameter))
#11 /Users/aymanehassini/Desktop/FireX_/fireX/vendor/laravel/framework/src/Illuminate/Container/Container.php(920): Illuminate\\Container\\Container->resolveDependencies(Array)
#12 /Users/aymanehassini/Desktop/FireX_/fireX/vendor/laravel/framework/src/Illuminate/Container/Container.php(770): Illuminate\\Container\\Container->build('App\\\\Http\\\\Middle...')
#13 /Users/aymanehassini/Desktop/FireX_/fireX/vendor/laravel/framework/src/Illuminate/Foundation/Application.php(858): Illuminate\\Container\\Container->resolve('App\\\\Http\\\\Middle...', Array, true)
#14 /Users/aymanehassini/Desktop/FireX_/fireX/vendor/laravel/framework/src/Illuminate/Container/Container.php(706): Illuminate\\Foundation\\Application->resolve('App\\\\Http\\\\Middle...', Array)
#15 /Users/aymanehassini/Desktop/FireX_/fireX/vendor/laravel/framework/src/Illuminate/Foundation/Application.php(843): Illuminate\\Container\\Container->make('App\\\\Http\\\\Middle...', Array)
#16 /Users/aymanehassini/Desktop/FireX_/fireX/vendor/laravel/framework/src/Illuminate/Pipeline/Pipeline.php(169): Illuminate\\Foundation\\Application->make('App\\\\Http\\\\Middle...')
#17 /Users/aymanehassini/Desktop/FireX_/fireX/vendor/laravel/framework/src/Illuminate/Pipeline/Pipeline.php(116): Illuminate\\Pipeline\\Pipeline->Illuminate\\Pipeline\\{closure}(Object(Illuminate\\Http\\Request))
#18 /Users/aymanehassini/Desktop/FireX_/fireX/vendor/laravel/framework/src/Illuminate/Routing/Router.php(797): Illuminate\\Pipeline\\Pipeline->then(Object(Closure))
#19 /Users/aymanehassini/Desktop/FireX_/fireX/vendor/laravel/framework/src/Illuminate/Routing/Router.php(776): Illuminate\\Routing\\Router->runRouteWithinStack(Object(Illuminate\\Routing\\Route), Object(Illuminate\\Http\\Request))
#20 /Users/aymanehassini/Desktop/FireX_/fireX/vendor/laravel/framework/src/Illuminate/Routing/Router.php(740): Illuminate\\Routing\\Router->runRoute(Object(Illuminate\\Http\\Request), Object(Illuminate\\Routing\\Route))
#21 /Users/aymanehassini/Desktop/FireX_/fireX/vendor/laravel/framework/src/Illuminate/Routing/Router.php(729): Illuminate\\Routing\\Router->dispatchToRoute(Object(Illuminate\\Http\\Request))
#22 /Users/aymanehassini/Desktop/FireX_/fireX/vendor/laravel/framework/src/Illuminate/Foundation/Http/Kernel.php(190): Illuminate\\Routing\\Router->dispatch(Object(Illuminate\\Http\\Request))
#23 /Users/aymanehassini/Desktop/FireX_/fireX/vendor/laravel/framework/src/Illuminate/Pipeline/Pipeline.php(141): Illuminate\\Foundation\\Http\\Kernel->Illuminate\\Foundation\\Http\\{closure}(Object(Illuminate\\Http\\Request))
#24 /Users/aymanehassini/Desktop/FireX_/fireX/vendor/laravel/framework/src/Illuminate/Foundation/Http/Middleware/TransformsRequest.php(21): Illuminate\\Pipeline\\Pipeline->Illuminate\\Pipeline\\{closure}(Object(Illuminate\\Http\\Request))
#25 /Users/aymanehassini/Desktop/FireX_/fireX/vendor/laravel/framework/src/Illuminate/Foundation/Http/Middleware/ConvertEmptyStringsToNull.php(31): Illuminate\\Foundation\\Http\\Middleware\\TransformsRequest->handle(Object(Illuminate\\Http\\Request), Object(Closure))
#26 /Users/aymanehassini/Desktop/FireX_/fireX/vendor/laravel/framework/src/Illuminate/Pipeline/Pipeline.php(180): Illuminate\\Foundation\\Http\\Middleware\\ConvertEmptyStringsToNull->handle(Object(Illuminate\\Http\\Request), Object(Closure))
#27 /Users/aymanehassini/Desktop/FireX_/fireX/vendor/laravel/framework/src/Illuminate/Foundation/Http/Middleware/TransformsRequest.php(21): Illuminate\\Pipeline\\Pipeline->Illuminate\\Pipeline\\{closure}(Object(Illuminate\\Http\\Request))
#28 /Users/aymanehassini/Desktop/FireX_/fireX/vendor/laravel/framework/src/Illuminate/Foundation/Http/Middleware/TrimStrings.php(40): Illuminate\\Foundation\\Http\\Middleware\\TransformsRequest->handle(Object(Illuminate\\Http\\Request), Object(Closure))
#29 /Users/aymanehassini/Desktop/FireX_/fireX/vendor/laravel/framework/src/Illuminate/Pipeline/Pipeline.php(180): Illuminate\\Foundation\\Http\\Middleware\\TrimStrings->handle(Object(Illuminate\\Http\\Request), Object(Closure))
#30 /Users/aymanehassini/Desktop/FireX_/fireX/vendor/laravel/framework/src/Illuminate/Foundation/Http/Middleware/ValidatePostSize.php(27): Illuminate\\Pipeline\\Pipeline->Illuminate\\Pipeline\\{closure}(Object(Illuminate\\Http\\Request))
#31 /Users/aymanehassini/Desktop/FireX_/fireX/vendor/laravel/framework/src/Illuminate/Pipeline/Pipeline.php(180): Illuminate\\Foundation\\Http\\Middleware\\ValidatePostSize->handle(Object(Illuminate\\Http\\Request), Object(Closure))
#32 /Users/aymanehassini/Desktop/FireX_/fireX/vendor/laravel/framework/src/Illuminate/Foundation/Http/Middleware/PreventRequestsDuringMaintenance.php(86): Illuminate\\Pipeline\\Pipeline->Illuminate\\Pipeline\\{closure}(Object(Illuminate\\Http\\Request))
#33 /Users/aymanehassini/Desktop/FireX_/fireX/vendor/laravel/framework/src/Illuminate/Pipeline/Pipeline.php(180): Illuminate\\Foundation\\Http\\Middleware\\PreventRequestsDuringMaintenance->handle(Object(Illuminate\\Http\\Request), Object(Closure))
#34 /Users/aymanehassini/Desktop/FireX_/fireX/vendor/laravel/framework/src/Illuminate/Http/Middleware/HandleCors.php(49): Illuminate\\Pipeline\\Pipeline->Illuminate\\Pipeline\\{closure}(Object(Illuminate\\Http\\Request))
#35 /Users/aymanehassini/Desktop/FireX_/fireX/vendor/laravel/framework/src/Illuminate/Pipeline/Pipeline.php(180): Illuminate\\Http\\Middleware\\HandleCors->handle(Object(Illuminate\\Http\\Request), Object(Closure))
#36 /Users/aymanehassini/Desktop/FireX_/fireX/vendor/laravel/framework/src/Illuminate/Http/Middleware/TrustProxies.php(39): Illuminate\\Pipeline\\Pipeline->Illuminate\\Pipeline\\{closure}(Object(Illuminate\\Http\\Request))
#37 /Users/aymanehassini/Desktop/FireX_/fireX/vendor/laravel/framework/src/Illuminate/Pipeline/Pipeline.php(180): Illuminate\\Http\\Middleware\\TrustProxies->handle(Object(Illuminate\\Http\\Request), Object(Closure))
#38 /Users/aymanehassini/Desktop/FireX_/fireX/vendor/laravel/framework/src/Illuminate/Pipeline/Pipeline.php(116): Illuminate\\Pipeline\\Pipeline->Illuminate\\Pipeline\\{closure}(Object(Illuminate\\Http\\Request))
#39 /Users/aymanehassini/Desktop/FireX_/fireX/vendor/laravel/framework/src/Illuminate/Foundation/Http/Kernel.php(165): Illuminate\\Pipeline\\Pipeline->then(Object(Closure))
#40 /Users/aymanehassini/Desktop/FireX_/fireX/vendor/laravel/framework/src/Illuminate/Foundation/Http/Kernel.php(134): Illuminate\\Foundation\\Http\\Kernel->sendRequestThroughRouter(Object(Illuminate\\Http\\Request))
#41 /Users/aymanehassini/Desktop/FireX_/fireX/public/index.php(51): Illuminate\\Foundation\\Http\\Kernel->handle(Object(Illuminate\\Http\\Request))
#42 /Users/aymanehassini/Desktop/FireX_/fireX/vendor/laravel/framework/src/Illuminate/Foundation/resources/server.php(16): require_once('/Users/aymaneha...')
#43 {main}
"} 
[2024-11-22 19:03:29] production.ERROR: No application encryption key has been specified. {"exception":"[object] (Illuminate\\Encryption\\MissingAppKeyException(code: 0): No application encryption key has been specified. at /Users/aymanehassini/Desktop/FireX_/fireX/vendor/laravel/framework/src/Illuminate/Encryption/EncryptionServiceProvider.php:79)
[stacktrace]
#0 /Users/aymanehassini/Desktop/FireX_/fireX/vendor/laravel/framework/src/Illuminate/Support/helpers.php(306): Illuminate\\Encryption\\EncryptionServiceProvider->Illuminate\\Encryption\\{closure}(NULL)
#1 /Users/aymanehassini/Desktop/FireX_/fireX/vendor/laravel/framework/src/Illuminate/Encryption/EncryptionServiceProvider.php(77): tap(NULL, Object(Closure))
#2 /Users/aymanehassini/Desktop/FireX_/fireX/vendor/laravel/framework/src/Illuminate/Encryption/EncryptionServiceProvider.php(60): Illuminate\\Encryption\\EncryptionServiceProvider->key(Array)
#3 /Users/aymanehassini/Desktop/FireX_/fireX/vendor/laravel/framework/src/Illuminate/Encryption/EncryptionServiceProvider.php(32): Illuminate\\Encryption\\EncryptionServiceProvider->parseKey(Array)
#4 /Users/aymanehassini/Desktop/FireX_/fireX/vendor/laravel/framework/src/Illuminate/Container/Container.php(885): Illuminate\\Encryption\\EncryptionServiceProvider->Illuminate\\Encryption\\{closure}(Object(Illuminate\\Foundation\\Application), Array)
#5 /Users/aymanehassini/Desktop/FireX_/fireX/vendor/laravel/framework/src/Illuminate/Container/Container.php(770): Illuminate\\Container\\Container->build(Object(Closure))
#6 /Users/aymanehassini/Desktop/FireX_/fireX/vendor/laravel/framework/src/Illuminate/Foundation/Application.php(858): Illuminate\\Container\\Container->resolve('encrypter', Array, true)
#7 /Users/aymanehassini/Desktop/FireX_/fireX/vendor/laravel/framework/src/Illuminate/Container/Container.php(706): Illuminate\\Foundation\\Application->resolve('encrypter', Array)
#8 /Users/aymanehassini/Desktop/FireX_/fireX/vendor/laravel/framework/src/Illuminate/Foundation/Application.php(843): Illuminate\\Container\\Container->make('encrypter', Array)
#9 /Users/aymanehassini/Desktop/FireX_/fireX/vendor/laravel/framework/src/Illuminate/Container/Container.php(1043): Illuminate\\Foundation\\Application->make('encrypter')
#10 /Users/aymanehassini/Desktop/FireX_/fireX/vendor/laravel/framework/src/Illuminate/Container/Container.php(959): Illuminate\\Container\\Container->resolveClass(Object(ReflectionParameter))
#11 /Users/aymanehassini/Desktop/FireX_/fireX/vendor/laravel/framework/src/Illuminate/Container/Container.php(920): Illuminate\\Container\\Container->resolveDependencies(Array)
#12 /Users/aymanehassini/Desktop/FireX_/fireX/vendor/laravel/framework/src/Illuminate/Container/Container.php(770): Illuminate\\Container\\Container->build('App\\\\Http\\\\Middle...')
#13 /Users/aymanehassini/Desktop/FireX_/fireX/vendor/laravel/framework/src/Illuminate/Foundation/Application.php(858): Illuminate\\Container\\Container->resolve('App\\\\Http\\\\Middle...', Array, true)
#14 /Users/aymanehassini/Desktop/FireX_/fireX/vendor/laravel/framework/src/Illuminate/Container/Container.php(706): Illuminate\\Foundation\\Application->resolve('App\\\\Http\\\\Middle...', Array)
#15 /Users/aymanehassini/Desktop/FireX_/fireX/vendor/laravel/framework/src/Illuminate/Foundation/Application.php(843): Illuminate\\Container\\Container->make('App\\\\Http\\\\Middle...', Array)
#16 /Users/aymanehassini/Desktop/FireX_/fireX/vendor/laravel/framework/src/Illuminate/Foundation/Http/Kernel.php(239): Illuminate\\Foundation\\Application->make('App\\\\Http\\\\Middle...')
#17 /Users/aymanehassini/Desktop/FireX_/fireX/vendor/laravel/framework/src/Illuminate/Foundation/Http/Kernel.php(203): Illuminate\\Foundation\\Http\\Kernel->terminateMiddleware(Object(Illuminate\\Http\\Request), Object(Illuminate\\Http\\Response))
#18 /Users/aymanehassini/Desktop/FireX_/fireX/public/index.php(55): Illuminate\\Foundation\\Http\\Kernel->terminate(Object(Illuminate\\Http\\Request), Object(Illuminate\\Http\\Response))
#19 /Users/aymanehassini/Desktop/FireX_/fireX/vendor/laravel/framework/src/Illuminate/Foundation/resources/server.php(16): require_once('/Users/aymaneha...')
#20 {main}
"} 
[2024-11-22 19:03:32] production.ERROR: No application encryption key has been specified. {"exception":"[object] (Illuminate\\Encryption\\MissingAppKeyException(code: 0): No application encryption key has been specified. at /Users/aymanehassini/Desktop/FireX_/fireX/vendor/laravel/framework/src/Illuminate/Encryption/EncryptionServiceProvider.php:79)
[stacktrace]
#0 /Users/aymanehassini/Desktop/FireX_/fireX/vendor/laravel/framework/src/Illuminate/Support/helpers.php(306): Illuminate\\Encryption\\EncryptionServiceProvider->Illuminate\\Encryption\\{closure}(NULL)
#1 /Users/aymanehassini/Desktop/FireX_/fireX/vendor/laravel/framework/src/Illuminate/Encryption/EncryptionServiceProvider.php(77): tap(NULL, Object(Closure))
#2 /Users/aymanehassini/Desktop/FireX_/fireX/vendor/laravel/framework/src/Illuminate/Encryption/EncryptionServiceProvider.php(60): Illuminate\\Encryption\\EncryptionServiceProvider->key(Array)
#3 /Users/aymanehassini/Desktop/FireX_/fireX/vendor/laravel/framework/src/Illuminate/Encryption/EncryptionServiceProvider.php(32): Illuminate\\Encryption\\EncryptionServiceProvider->parseKey(Array)
#4 /Users/aymanehassini/Desktop/FireX_/fireX/vendor/laravel/framework/src/Illuminate/Container/Container.php(885): Illuminate\\Encryption\\EncryptionServiceProvider->Illuminate\\Encryption\\{closure}(Object(Illuminate\\Foundation\\Application), Array)
#5 /Users/aymanehassini/Desktop/FireX_/fireX/vendor/laravel/framework/src/Illuminate/Container/Container.php(770): Illuminate\\Container\\Container->build(Object(Closure))
#6 /Users/aymanehassini/Desktop/FireX_/fireX/vendor/laravel/framework/src/Illuminate/Foundation/Application.php(858): Illuminate\\Container\\Container->resolve('encrypter', Array, true)
#7 /Users/aymanehassini/Desktop/FireX_/fireX/vendor/laravel/framework/src/Illuminate/Container/Container.php(706): Illuminate\\Foundation\\Application->resolve('encrypter', Array)
#8 /Users/aymanehassini/Desktop/FireX_/fireX/vendor/laravel/framework/src/Illuminate/Foundation/Application.php(843): Illuminate\\Container\\Container->make('encrypter', Array)
#9 /Users/aymanehassini/Desktop/FireX_/fireX/vendor/laravel/framework/src/Illuminate/Container/Container.php(1043): Illuminate\\Foundation\\Application->make('encrypter')
#10 /Users/aymanehassini/Desktop/FireX_/fireX/vendor/laravel/framework/src/Illuminate/Container/Container.php(959): Illuminate\\Container\\Container->resolveClass(Object(ReflectionParameter))
#11 /Users/aymanehassini/Desktop/FireX_/fireX/vendor/laravel/framework/src/Illuminate/Container/Container.php(920): Illuminate\\Container\\Container->resolveDependencies(Array)
#12 /Users/aymanehassini/Desktop/FireX_/fireX/vendor/laravel/framework/src/Illuminate/Container/Container.php(770): Illuminate\\Container\\Container->build('App\\\\Http\\\\Middle...')
#13 /Users/aymanehassini/Desktop/FireX_/fireX/vendor/laravel/framework/src/Illuminate/Foundation/Application.php(858): Illuminate\\Container\\Container->resolve('App\\\\Http\\\\Middle...', Array, true)
#14 /Users/aymanehassini/Desktop/FireX_/fireX/vendor/laravel/framework/src/Illuminate/Container/Container.php(706): Illuminate\\Foundation\\Application->resolve('App\\\\Http\\\\Middle...', Array)
#15 /Users/aymanehassini/Desktop/FireX_/fireX/vendor/laravel/framework/src/Illuminate/Foundation/Application.php(843): Illuminate\\Container\\Container->make('App\\\\Http\\\\Middle...', Array)
#16 /Users/aymanehassini/Desktop/FireX_/fireX/vendor/laravel/framework/src/Illuminate/Pipeline/Pipeline.php(169): Illuminate\\Foundation\\Application->make('App\\\\Http\\\\Middle...')
#17 /Users/aymanehassini/Desktop/FireX_/fireX/vendor/laravel/framework/src/Illuminate/Pipeline/Pipeline.php(116): Illuminate\\Pipeline\\Pipeline->Illuminate\\Pipeline\\{closure}(Object(Illuminate\\Http\\Request))
#18 /Users/aymanehassini/Desktop/FireX_/fireX/vendor/laravel/framework/src/Illuminate/Routing/Router.php(797): Illuminate\\Pipeline\\Pipeline->then(Object(Closure))
#19 /Users/aymanehassini/Desktop/FireX_/fireX/vendor/laravel/framework/src/Illuminate/Routing/Router.php(776): Illuminate\\Routing\\Router->runRouteWithinStack(Object(Illuminate\\Routing\\Route), Object(Illuminate\\Http\\Request))
#20 /Users/aymanehassini/Desktop/FireX_/fireX/vendor/laravel/framework/src/Illuminate/Routing/Router.php(740): Illuminate\\Routing\\Router->runRoute(Object(Illuminate\\Http\\Request), Object(Illuminate\\Routing\\Route))
#21 /Users/aymanehassini/Desktop/FireX_/fireX/vendor/laravel/framework/src/Illuminate/Routing/Router.php(729): Illuminate\\Routing\\Router->dispatchToRoute(Object(Illuminate\\Http\\Request))
#22 /Users/aymanehassini/Desktop/FireX_/fireX/vendor/laravel/framework/src/Illuminate/Foundation/Http/Kernel.php(190): Illuminate\\Routing\\Router->dispatch(Object(Illuminate\\Http\\Request))
#23 /Users/aymanehassini/Desktop/FireX_/fireX/vendor/laravel/framework/src/Illuminate/Pipeline/Pipeline.php(141): Illuminate\\Foundation\\Http\\Kernel->Illuminate\\Foundation\\Http\\{closure}(Object(Illuminate\\Http\\Request))
#24 /Users/aymanehassini/Desktop/FireX_/fireX/vendor/laravel/framework/src/Illuminate/Foundation/Http/Middleware/TransformsRequest.php(21): Illuminate\\Pipeline\\Pipeline->Illuminate\\Pipeline\\{closure}(Object(Illuminate\\Http\\Request))
#25 /Users/aymanehassini/Desktop/FireX_/fireX/vendor/laravel/framework/src/Illuminate/Foundation/Http/Middleware/ConvertEmptyStringsToNull.php(31): Illuminate\\Foundation\\Http\\Middleware\\TransformsRequest->handle(Object(Illuminate\\Http\\Request), Object(Closure))
#26 /Users/aymanehassini/Desktop/FireX_/fireX/vendor/laravel/framework/src/Illuminate/Pipeline/Pipeline.php(180): Illuminate\\Foundation\\Http\\Middleware\\ConvertEmptyStringsToNull->handle(Object(Illuminate\\Http\\Request), Object(Closure))
#27 /Users/aymanehassini/Desktop/FireX_/fireX/vendor/laravel/framework/src/Illuminate/Foundation/Http/Middleware/TransformsRequest.php(21): Illuminate\\Pipeline\\Pipeline->Illuminate\\Pipeline\\{closure}(Object(Illuminate\\Http\\Request))
#28 /Users/aymanehassini/Desktop/FireX_/fireX/vendor/laravel/framework/src/Illuminate/Foundation/Http/Middleware/TrimStrings.php(40): Illuminate\\Foundation\\Http\\Middleware\\TransformsRequest->handle(Object(Illuminate\\Http\\Request), Object(Closure))
#29 /Users/aymanehassini/Desktop/FireX_/fireX/vendor/laravel/framework/src/Illuminate/Pipeline/Pipeline.php(180): Illuminate\\Foundation\\Http\\Middleware\\TrimStrings->handle(Object(Illuminate\\Http\\Request), Object(Closure))
#30 /Users/aymanehassini/Desktop/FireX_/fireX/vendor/laravel/framework/src/Illuminate/Foundation/Http/Middleware/ValidatePostSize.php(27): Illuminate\\Pipeline\\Pipeline->Illuminate\\Pipeline\\{closure}(Object(Illuminate\\Http\\Request))
#31 /Users/aymanehassini/Desktop/FireX_/fireX/vendor/laravel/framework/src/Illuminate/Pipeline/Pipeline.php(180): Illuminate\\Foundation\\Http\\Middleware\\ValidatePostSize->handle(Object(Illuminate\\Http\\Request), Object(Closure))
#32 /Users/aymanehassini/Desktop/FireX_/fireX/vendor/laravel/framework/src/Illuminate/Foundation/Http/Middleware/PreventRequestsDuringMaintenance.php(86): Illuminate\\Pipeline\\Pipeline->Illuminate\\Pipeline\\{closure}(Object(Illuminate\\Http\\Request))
#33 /Users/aymanehassini/Desktop/FireX_/fireX/vendor/laravel/framework/src/Illuminate/Pipeline/Pipeline.php(180): Illuminate\\Foundation\\Http\\Middleware\\PreventRequestsDuringMaintenance->handle(Object(Illuminate\\Http\\Request), Object(Closure))
#34 /Users/aymanehassini/Desktop/FireX_/fireX/vendor/laravel/framework/src/Illuminate/Http/Middleware/HandleCors.php(49): Illuminate\\Pipeline\\Pipeline->Illuminate\\Pipeline\\{closure}(Object(Illuminate\\Http\\Request))
#35 /Users/aymanehassini/Desktop/FireX_/fireX/vendor/laravel/framework/src/Illuminate/Pipeline/Pipeline.php(180): Illuminate\\Http\\Middleware\\HandleCors->handle(Object(Illuminate\\Http\\Request), Object(Closure))
#36 /Users/aymanehassini/Desktop/FireX_/fireX/vendor/laravel/framework/src/Illuminate/Http/Middleware/TrustProxies.php(39): Illuminate\\Pipeline\\Pipeline->Illuminate\\Pipeline\\{closure}(Object(Illuminate\\Http\\Request))
#37 /Users/aymanehassini/Desktop/FireX_/fireX/vendor/laravel/framework/src/Illuminate/Pipeline/Pipeline.php(180): Illuminate\\Http\\Middleware\\TrustProxies->handle(Object(Illuminate\\Http\\Request), Object(Closure))
#38 /Users/aymanehassini/Desktop/FireX_/fireX/vendor/laravel/framework/src/Illuminate/Pipeline/Pipeline.php(116): Illuminate\\Pipeline\\Pipeline->Illuminate\\Pipeline\\{closure}(Object(Illuminate\\Http\\Request))
#39 /Users/aymanehassini/Desktop/FireX_/fireX/vendor/laravel/framework/src/Illuminate/Foundation/Http/Kernel.php(165): Illuminate\\Pipeline\\Pipeline->then(Object(Closure))
#40 /Users/aymanehassini/Desktop/FireX_/fireX/vendor/laravel/framework/src/Illuminate/Foundation/Http/Kernel.php(134): Illuminate\\Foundation\\Http\\Kernel->sendRequestThroughRouter(Object(Illuminate\\Http\\Request))
#41 /Users/aymanehassini/Desktop/FireX_/fireX/public/index.php(51): Illuminate\\Foundation\\Http\\Kernel->handle(Object(Illuminate\\Http\\Request))
#42 /Users/aymanehassini/Desktop/FireX_/fireX/vendor/laravel/framework/src/Illuminate/Foundation/resources/server.php(16): require_once('/Users/aymaneha...')
#43 {main}
"} 
[2024-11-22 19:03:32] production.ERROR: No application encryption key has been specified. {"exception":"[object] (Illuminate\\Encryption\\MissingAppKeyException(code: 0): No application encryption key has been specified. at /Users/aymanehassini/Desktop/FireX_/fireX/vendor/laravel/framework/src/Illuminate/Encryption/EncryptionServiceProvider.php:79)
[stacktrace]
#0 /Users/aymanehassini/Desktop/FireX_/fireX/vendor/laravel/framework/src/Illuminate/Support/helpers.php(306): Illuminate\\Encryption\\EncryptionServiceProvider->Illuminate\\Encryption\\{closure}(NULL)
#1 /Users/aymanehassini/Desktop/FireX_/fireX/vendor/laravel/framework/src/Illuminate/Encryption/EncryptionServiceProvider.php(77): tap(NULL, Object(Closure))
#2 /Users/aymanehassini/Desktop/FireX_/fireX/vendor/laravel/framework/src/Illuminate/Encryption/EncryptionServiceProvider.php(60): Illuminate\\Encryption\\EncryptionServiceProvider->key(Array)
#3 /Users/aymanehassini/Desktop/FireX_/fireX/vendor/laravel/framework/src/Illuminate/Encryption/EncryptionServiceProvider.php(32): Illuminate\\Encryption\\EncryptionServiceProvider->parseKey(Array)
#4 /Users/aymanehassini/Desktop/FireX_/fireX/vendor/laravel/framework/src/Illuminate/Container/Container.php(885): Illuminate\\Encryption\\EncryptionServiceProvider->Illuminate\\Encryption\\{closure}(Object(Illuminate\\Foundation\\Application), Array)
#5 /Users/aymanehassini/Desktop/FireX_/fireX/vendor/laravel/framework/src/Illuminate/Container/Container.php(770): Illuminate\\Container\\Container->build(Object(Closure))
#6 /Users/aymanehassini/Desktop/FireX_/fireX/vendor/laravel/framework/src/Illuminate/Foundation/Application.php(858): Illuminate\\Container\\Container->resolve('encrypter', Array, true)
#7 /Users/aymanehassini/Desktop/FireX_/fireX/vendor/laravel/framework/src/Illuminate/Container/Container.php(706): Illuminate\\Foundation\\Application->resolve('encrypter', Array)
#8 /Users/aymanehassini/Desktop/FireX_/fireX/vendor/laravel/framework/src/Illuminate/Foundation/Application.php(843): Illuminate\\Container\\Container->make('encrypter', Array)
#9 /Users/aymanehassini/Desktop/FireX_/fireX/vendor/laravel/framework/src/Illuminate/Container/Container.php(1043): Illuminate\\Foundation\\Application->make('encrypter')
#10 /Users/aymanehassini/Desktop/FireX_/fireX/vendor/laravel/framework/src/Illuminate/Container/Container.php(959): Illuminate\\Container\\Container->resolveClass(Object(ReflectionParameter))
#11 /Users/aymanehassini/Desktop/FireX_/fireX/vendor/laravel/framework/src/Illuminate/Container/Container.php(920): Illuminate\\Container\\Container->resolveDependencies(Array)
#12 /Users/aymanehassini/Desktop/FireX_/fireX/vendor/laravel/framework/src/Illuminate/Container/Container.php(770): Illuminate\\Container\\Container->build('App\\\\Http\\\\Middle...')
#13 /Users/aymanehassini/Desktop/FireX_/fireX/vendor/laravel/framework/src/Illuminate/Foundation/Application.php(858): Illuminate\\Container\\Container->resolve('App\\\\Http\\\\Middle...', Array, true)
#14 /Users/aymanehassini/Desktop/FireX_/fireX/vendor/laravel/framework/src/Illuminate/Container/Container.php(706): Illuminate\\Foundation\\Application->resolve('App\\\\Http\\\\Middle...', Array)
#15 /Users/aymanehassini/Desktop/FireX_/fireX/vendor/laravel/framework/src/Illuminate/Foundation/Application.php(843): Illuminate\\Container\\Container->make('App\\\\Http\\\\Middle...', Array)
#16 /Users/aymanehassini/Desktop/FireX_/fireX/vendor/laravel/framework/src/Illuminate/Foundation/Http/Kernel.php(239): Illuminate\\Foundation\\Application->make('App\\\\Http\\\\Middle...')
#17 /Users/aymanehassini/Desktop/FireX_/fireX/vendor/laravel/framework/src/Illuminate/Foundation/Http/Kernel.php(203): Illuminate\\Foundation\\Http\\Kernel->terminateMiddleware(Object(Illuminate\\Http\\Request), Object(Illuminate\\Http\\Response))
#18 /Users/aymanehassini/Desktop/FireX_/fireX/public/index.php(55): Illuminate\\Foundation\\Http\\Kernel->terminate(Object(Illuminate\\Http\\Request), Object(Illuminate\\Http\\Response))
#19 /Users/aymanehassini/Desktop/FireX_/fireX/vendor/laravel/framework/src/Illuminate/Foundation/resources/server.php(16): require_once('/Users/aymaneha...')
#20 {main}
"} 
[2024-11-22 19:04:07] production.ERROR: file_get_contents(/Users/aymanehassini/Desktop/FireX_/fireX/.env): Failed to open stream: No such file or directory {"exception":"[object] (ErrorException(code: 0): file_get_contents(/Users/aymanehassini/Desktop/FireX_/fireX/.env): Failed to open stream: No such file or directory at /Users/aymanehassini/Desktop/FireX_/fireX/vendor/laravel/framework/src/Illuminate/Foundation/Console/KeyGenerateCommand.php:111)
[stacktrace]
#0 /Users/aymanehassini/Desktop/FireX_/fireX/vendor/laravel/framework/src/Illuminate/Foundation/Bootstrap/HandleExceptions.php(270): Illuminate\\Foundation\\Bootstrap\\HandleExceptions->handleError(2, 'file_get_conten...', '/Users/aymaneha...', 111)
#1 [internal function]: Illuminate\\Foundation\\Bootstrap\\HandleExceptions->Illuminate\\Foundation\\Bootstrap\\{closure}(2, 'file_get_conten...', '/Users/aymaneha...', 111)
#2 /Users/aymanehassini/Desktop/FireX_/fireX/vendor/laravel/framework/src/Illuminate/Foundation/Console/KeyGenerateCommand.php(111): file_get_contents('/Users/aymaneha...')
#3 /Users/aymanehassini/Desktop/FireX_/fireX/vendor/laravel/framework/src/Illuminate/Foundation/Console/KeyGenerateCommand.php(93): Illuminate\\Foundation\\Console\\KeyGenerateCommand->writeNewEnvironmentFileWith('base64:rPWI/THJ...')
#4 /Users/aymanehassini/Desktop/FireX_/fireX/vendor/laravel/framework/src/Illuminate/Foundation/Console/KeyGenerateCommand.php(58): Illuminate\\Foundation\\Console\\KeyGenerateCommand->setKeyInEnvironmentFile('base64:rPWI/THJ...')
#5 /Users/aymanehassini/Desktop/FireX_/fireX/vendor/laravel/framework/src/Illuminate/Container/BoundMethod.php(36): Illuminate\\Foundation\\Console\\KeyGenerateCommand->handle()
#6 /Users/aymanehassini/Desktop/FireX_/fireX/vendor/laravel/framework/src/Illuminate/Container/Util.php(41): Illuminate\\Container\\BoundMethod::Illuminate\\Container\\{closure}()
#7 /Users/aymanehassini/Desktop/FireX_/fireX/vendor/laravel/framework/src/Illuminate/Container/BoundMethod.php(93): Illuminate\\Container\\Util::unwrapIfClosure(Object(Closure))
#8 /Users/aymanehassini/Desktop/FireX_/fireX/vendor/laravel/framework/src/Illuminate/Container/BoundMethod.php(35): Illuminate\\Container\\BoundMethod::callBoundMethod(Object(Illuminate\\Foundation\\Application), Array, Object(Closure))
#9 /Users/aymanehassini/Desktop/FireX_/fireX/vendor/laravel/framework/src/Illuminate/Container/Container.php(661): Illuminate\\Container\\BoundMethod::call(Object(Illuminate\\Foundation\\Application), Array, Array, NULL)
#10 /Users/aymanehassini/Desktop/FireX_/fireX/vendor/laravel/framework/src/Illuminate/Console/Command.php(183): Illuminate\\Container\\Container->call(Array)
#11 /Users/aymanehassini/Desktop/FireX_/fireX/vendor/symfony/console/Command/Command.php(326): Illuminate\\Console\\Command->execute(Object(Symfony\\Component\\Console\\Input\\ArgvInput), Object(Illuminate\\Console\\OutputStyle))
#12 /Users/aymanehassini/Desktop/FireX_/fireX/vendor/laravel/framework/src/Illuminate/Console/Command.php(152): Symfony\\Component\\Console\\Command\\Command->run(Object(Symfony\\Component\\Console\\Input\\ArgvInput), Object(Illuminate\\Console\\OutputStyle))
#13 /Users/aymanehassini/Desktop/FireX_/fireX/vendor/symfony/console/Application.php(1078): Illuminate\\Console\\Command->run(Object(Symfony\\Component\\Console\\Input\\ArgvInput), Object(Symfony\\Component\\Console\\Output\\ConsoleOutput))
#14 /Users/aymanehassini/Desktop/FireX_/fireX/vendor/symfony/console/Application.php(324): Symfony\\Component\\Console\\Application->doRunCommand(Object(Illuminate\\Foundation\\Console\\KeyGenerateCommand), Object(Symfony\\Component\\Console\\Input\\ArgvInput), Object(Symfony\\Component\\Console\\Output\\ConsoleOutput))
#15 /Users/aymanehassini/Desktop/FireX_/fireX/vendor/symfony/console/Application.php(175): Symfony\\Component\\Console\\Application->doRun(Object(Symfony\\Component\\Console\\Input\\ArgvInput), Object(Symfony\\Component\\Console\\Output\\ConsoleOutput))
#16 /Users/aymanehassini/Desktop/FireX_/fireX/vendor/laravel/framework/src/Illuminate/Console/Application.php(102): Symfony\\Component\\Console\\Application->run(Object(Symfony\\Component\\Console\\Input\\ArgvInput), Object(Symfony\\Component\\Console\\Output\\ConsoleOutput))
#17 /Users/aymanehassini/Desktop/FireX_/fireX/vendor/laravel/framework/src/Illuminate/Foundation/Console/Kernel.php(155): Illuminate\\Console\\Application->run(Object(Symfony\\Component\\Console\\Input\\ArgvInput), Object(Symfony\\Component\\Console\\Output\\ConsoleOutput))
#18 /Users/aymanehassini/Desktop/FireX_/fireX/artisan(35): Illuminate\\Foundation\\Console\\Kernel->handle(Object(Symfony\\Component\\Console\\Input\\ArgvInput), Object(Symfony\\Component\\Console\\Output\\ConsoleOutput))
#19 {main}
"} 
[2024-11-22 19:04:38] local.ERROR: View [landing] not found. {"exception":"[object] (InvalidArgumentException(code: 0): View [landing] not found. at /Users/aymanehassini/Desktop/FireX_/fireX/vendor/laravel/framework/src/Illuminate/View/FileViewFinder.php:137)
[stacktrace]
#0 /Users/aymanehassini/Desktop/FireX_/fireX/vendor/laravel/framework/src/Illuminate/View/FileViewFinder.php(79): Illuminate\\View\\FileViewFinder->findInPaths('landing', Array)
#1 /Users/aymanehassini/Desktop/FireX_/fireX/vendor/laravel/framework/src/Illuminate/View/Factory.php(137): Illuminate\\View\\FileViewFinder->find('landing')
#2 /Users/aymanehassini/Desktop/FireX_/fireX/vendor/laravel/framework/src/Illuminate/Foundation/helpers.php(1035): Illuminate\\View\\Factory->make('landing', Array, Array)
#3 /Users/aymanehassini/Desktop/FireX_/fireX/routes/web.php(17): view('landing')
#4 /Users/aymanehassini/Desktop/FireX_/fireX/vendor/laravel/framework/src/Illuminate/Routing/CallableDispatcher.php(40): Illuminate\\Routing\\RouteFileRegistrar->{closure}()
#5 /Users/aymanehassini/Desktop/FireX_/fireX/vendor/laravel/framework/src/Illuminate/Routing/Route.php(237): Illuminate\\Routing\\CallableDispatcher->dispatch(Object(Illuminate\\Routing\\Route), Object(Closure))
#6 /Users/aymanehassini/Desktop/FireX_/fireX/vendor/laravel/framework/src/Illuminate/Routing/Route.php(208): Illuminate\\Routing\\Route->runCallable()
#7 /Users/aymanehassini/Desktop/FireX_/fireX/vendor/laravel/framework/src/Illuminate/Routing/Router.php(798): Illuminate\\Routing\\Route->run()
#8 /Users/aymanehassini/Desktop/FireX_/fireX/vendor/laravel/framework/src/Illuminate/Pipeline/Pipeline.php(141): Illuminate\\Routing\\Router->Illuminate\\Routing\\{closure}(Object(Illuminate\\Http\\Request))
#9 /Users/aymanehassini/Desktop/FireX_/fireX/vendor/laravel/framework/src/Illuminate/Routing/Middleware/SubstituteBindings.php(50): Illuminate\\Pipeline\\Pipeline->Illuminate\\Pipeline\\{closure}(Object(Illuminate\\Http\\Request))
#10 /Users/aymanehassini/Desktop/FireX_/fireX/vendor/laravel/framework/src/Illuminate/Pipeline/Pipeline.php(180): Illuminate\\Routing\\Middleware\\SubstituteBindings->handle(Object(Illuminate\\Http\\Request), Object(Closure))
#11 /Users/aymanehassini/Desktop/FireX_/fireX/vendor/laravel/framework/src/Illuminate/Foundation/Http/Middleware/VerifyCsrfToken.php(78): Illuminate\\Pipeline\\Pipeline->Illuminate\\Pipeline\\{closure}(Object(Illuminate\\Http\\Request))
#12 /Users/aymanehassini/Desktop/FireX_/fireX/vendor/laravel/framework/src/Illuminate/Pipeline/Pipeline.php(180): Illuminate\\Foundation\\Http\\Middleware\\VerifyCsrfToken->handle(Object(Illuminate\\Http\\Request), Object(Closure))
#13 /Users/aymanehassini/Desktop/FireX_/fireX/vendor/laravel/framework/src/Illuminate/View/Middleware/ShareErrorsFromSession.php(49): Illuminate\\Pipeline\\Pipeline->Illuminate\\Pipeline\\{closure}(Object(Illuminate\\Http\\Request))
#14 /Users/aymanehassini/Desktop/FireX_/fireX/vendor/laravel/framework/src/Illuminate/Pipeline/Pipeline.php(180): Illuminate\\View\\Middleware\\ShareErrorsFromSession->handle(Object(Illuminate\\Http\\Request), Object(Closure))
#15 /Users/aymanehassini/Desktop/FireX_/fireX/vendor/laravel/framework/src/Illuminate/Session/Middleware/StartSession.php(121): Illuminate\\Pipeline\\Pipeline->Illuminate\\Pipeline\\{closure}(Object(Illuminate\\Http\\Request))
#16 /Users/aymanehassini/Desktop/FireX_/fireX/vendor/laravel/framework/src/Illuminate/Session/Middleware/StartSession.php(64): Illuminate\\Session\\Middleware\\StartSession->handleStatefulRequest(Object(Illuminate\\Http\\Request), Object(Illuminate\\Session\\Store), Object(Closure))
#17 /Users/aymanehassini/Desktop/FireX_/fireX/vendor/laravel/framework/src/Illuminate/Pipeline/Pipeline.php(180): Illuminate\\Session\\Middleware\\StartSession->handle(Object(Illuminate\\Http\\Request), Object(Closure))
#18 /Users/aymanehassini/Desktop/FireX_/fireX/vendor/laravel/framework/src/Illuminate/Cookie/Middleware/AddQueuedCookiesToResponse.php(37): Illuminate\\Pipeline\\Pipeline->Illuminate\\Pipeline\\{closure}(Object(Illuminate\\Http\\Request))
#19 /Users/aymanehassini/Desktop/FireX_/fireX/vendor/laravel/framework/src/Illuminate/Pipeline/Pipeline.php(180): Illuminate\\Cookie\\Middleware\\AddQueuedCookiesToResponse->handle(Object(Illuminate\\Http\\Request), Object(Closure))
#20 /Users/aymanehassini/Desktop/FireX_/fireX/vendor/laravel/framework/src/Illuminate/Cookie/Middleware/EncryptCookies.php(67): Illuminate\\Pipeline\\Pipeline->Illuminate\\Pipeline\\{closure}(Object(Illuminate\\Http\\Request))
#21 /Users/aymanehassini/Desktop/FireX_/fireX/vendor/laravel/framework/src/Illuminate/Pipeline/Pipeline.php(180): Illuminate\\Cookie\\Middleware\\EncryptCookies->handle(Object(Illuminate\\Http\\Request), Object(Closure))
#22 /Users/aymanehassini/Desktop/FireX_/fireX/vendor/laravel/framework/src/Illuminate/Pipeline/Pipeline.php(116): Illuminate\\Pipeline\\Pipeline->Illuminate\\Pipeline\\{closure}(Object(Illuminate\\Http\\Request))
#23 /Users/aymanehassini/Desktop/FireX_/fireX/vendor/laravel/framework/src/Illuminate/Routing/Router.php(797): Illuminate\\Pipeline\\Pipeline->then(Object(Closure))
#24 /Users/aymanehassini/Desktop/FireX_/fireX/vendor/laravel/framework/src/Illuminate/Routing/Router.php(776): Illuminate\\Routing\\Router->runRouteWithinStack(Object(Illuminate\\Routing\\Route), Object(Illuminate\\Http\\Request))
#25 /Users/aymanehassini/Desktop/FireX_/fireX/vendor/laravel/framework/src/Illuminate/Routing/Router.php(740): Illuminate\\Routing\\Router->runRoute(Object(Illuminate\\Http\\Request), Object(Illuminate\\Routing\\Route))
#26 /Users/aymanehassini/Desktop/FireX_/fireX/vendor/laravel/framework/src/Illuminate/Routing/Router.php(729): Illuminate\\Routing\\Router->dispatchToRoute(Object(Illuminate\\Http\\Request))
#27 /Users/aymanehassini/Desktop/FireX_/fireX/vendor/laravel/framework/src/Illuminate/Foundation/Http/Kernel.php(190): Illuminate\\Routing\\Router->dispatch(Object(Illuminate\\Http\\Request))
#28 /Users/aymanehassini/Desktop/FireX_/fireX/vendor/laravel/framework/src/Illuminate/Pipeline/Pipeline.php(141): Illuminate\\Foundation\\Http\\Kernel->Illuminate\\Foundation\\Http\\{closure}(Object(Illuminate\\Http\\Request))
#29 /Users/aymanehassini/Desktop/FireX_/fireX/vendor/laravel/framework/src/Illuminate/Foundation/Http/Middleware/TransformsRequest.php(21): Illuminate\\Pipeline\\Pipeline->Illuminate\\Pipeline\\{closure}(Object(Illuminate\\Http\\Request))
#30 /Users/aymanehassini/Desktop/FireX_/fireX/vendor/laravel/framework/src/Illuminate/Foundation/Http/Middleware/ConvertEmptyStringsToNull.php(31): Illuminate\\Foundation\\Http\\Middleware\\TransformsRequest->handle(Object(Illuminate\\Http\\Request), Object(Closure))
#31 /Users/aymanehassini/Desktop/FireX_/fireX/vendor/laravel/framework/src/Illuminate/Pipeline/Pipeline.php(180): Illuminate\\Foundation\\Http\\Middleware\\ConvertEmptyStringsToNull->handle(Object(Illuminate\\Http\\Request), Object(Closure))
#32 /Users/aymanehassini/Desktop/FireX_/fireX/vendor/laravel/framework/src/Illuminate/Foundation/Http/Middleware/TransformsRequest.php(21): Illuminate\\Pipeline\\Pipeline->Illuminate\\Pipeline\\{closure}(Object(Illuminate\\Http\\Request))
#33 /Users/aymanehassini/Desktop/FireX_/fireX/vendor/laravel/framework/src/Illuminate/Foundation/Http/Middleware/TrimStrings.php(40): Illuminate\\Foundation\\Http\\Middleware\\TransformsRequest->handle(Object(Illuminate\\Http\\Request), Object(Closure))
#34 /Users/aymanehassini/Desktop/FireX_/fireX/vendor/laravel/framework/src/Illuminate/Pipeline/Pipeline.php(180): Illuminate\\Foundation\\Http\\Middleware\\TrimStrings->handle(Object(Illuminate\\Http\\Request), Object(Closure))
#35 /Users/aymanehassini/Desktop/FireX_/fireX/vendor/laravel/framework/src/Illuminate/Foundation/Http/Middleware/ValidatePostSize.php(27): Illuminate\\Pipeline\\Pipeline->Illuminate\\Pipeline\\{closure}(Object(Illuminate\\Http\\Request))
#36 /Users/aymanehassini/Desktop/FireX_/fireX/vendor/laravel/framework/src/Illuminate/Pipeline/Pipeline.php(180): Illuminate\\Foundation\\Http\\Middleware\\ValidatePostSize->handle(Object(Illuminate\\Http\\Request), Object(Closure))
#37 /Users/aymanehassini/Desktop/FireX_/fireX/vendor/laravel/framework/src/Illuminate/Foundation/Http/Middleware/PreventRequestsDuringMaintenance.php(86): Illuminate\\Pipeline\\Pipeline->Illuminate\\Pipeline\\{closure}(Object(Illuminate\\Http\\Request))
#38 /Users/aymanehassini/Desktop/FireX_/fireX/vendor/laravel/framework/src/Illuminate/Pipeline/Pipeline.php(180): Illuminate\\Foundation\\Http\\Middleware\\PreventRequestsDuringMaintenance->handle(Object(Illuminate\\Http\\Request), Object(Closure))
#39 /Users/aymanehassini/Desktop/FireX_/fireX/vendor/laravel/framework/src/Illuminate/Http/Middleware/HandleCors.php(49): Illuminate\\Pipeline\\Pipeline->Illuminate\\Pipeline\\{closure}(Object(Illuminate\\Http\\Request))
#40 /Users/aymanehassini/Desktop/FireX_/fireX/vendor/laravel/framework/src/Illuminate/Pipeline/Pipeline.php(180): Illuminate\\Http\\Middleware\\HandleCors->handle(Object(Illuminate\\Http\\Request), Object(Closure))
#41 /Users/aymanehassini/Desktop/FireX_/fireX/vendor/laravel/framework/src/Illuminate/Http/Middleware/TrustProxies.php(39): Illuminate\\Pipeline\\Pipeline->Illuminate\\Pipeline\\{closure}(Object(Illuminate\\Http\\Request))
#42 /Users/aymanehassini/Desktop/FireX_/fireX/vendor/laravel/framework/src/Illuminate/Pipeline/Pipeline.php(180): Illuminate\\Http\\Middleware\\TrustProxies->handle(Object(Illuminate\\Http\\Request), Object(Closure))
#43 /Users/aymanehassini/Desktop/FireX_/fireX/vendor/laravel/framework/src/Illuminate/Pipeline/Pipeline.php(116): Illuminate\\Pipeline\\Pipeline->Illuminate\\Pipeline\\{closure}(Object(Illuminate\\Http\\Request))
#44 /Users/aymanehassini/Desktop/FireX_/fireX/vendor/laravel/framework/src/Illuminate/Foundation/Http/Kernel.php(165): Illuminate\\Pipeline\\Pipeline->then(Object(Closure))
#45 /Users/aymanehassini/Desktop/FireX_/fireX/vendor/laravel/framework/src/Illuminate/Foundation/Http/Kernel.php(134): Illuminate\\Foundation\\Http\\Kernel->sendRequestThroughRouter(Object(Illuminate\\Http\\Request))
#46 /Users/aymanehassini/Desktop/FireX_/fireX/public/index.php(51): Illuminate\\Foundation\\Http\\Kernel->handle(Object(Illuminate\\Http\\Request))
#47 /Users/aymanehassini/Desktop/FireX_/fireX/vendor/laravel/framework/src/Illuminate/Foundation/resources/server.php(16): require_once('/Users/aymaneha...')
#48 {main}
"} 
